<?xml version="1.0" encoding="UTF-8"?>
<testng-results ignored="0" total="3" passed="3" failed="0" skipped="0">
  <reporter-output>
  </reporter-output>
  <suite started-at="2024-08-17T14:52:07 IST" name="Suite" finished-at="2024-08-17T14:52:07 IST" duration-ms="81">
    <groups>
    </groups>
    <test started-at="2024-08-17T14:52:07 IST" name="Test" finished-at="2024-08-17T14:52:07 IST" duration-ms="81">
      <class name="com.testNG.Java.TestFramework">
        <test-method signature="a_Test()[pri:0, instance:com.testNG.Java.TestFramework@192d43ce]" started-at="2024-08-17T14:52:07 IST" name="a_Test" finished-at="2024-08-17T14:52:07 IST" duration-ms="13" status="PASS">
          <reporter-output>
          </reporter-output>
        </test-method> <!-- a_Test -->
        <test-method signature="b_Test()[pri:0, instance:com.testNG.Java.TestFramework@192d43ce]" started-at="2024-08-17T14:52:07 IST" name="b_Test" finished-at="2024-08-17T14:52:07 IST" duration-ms="1" status="PASS">
          <reporter-output>
          </reporter-output>
        </test-method> <!-- b_Test -->
        <test-method signature="c_Test()[pri:0, instance:com.testNG.Java.TestFramework@192d43ce]" started-at="2024-08-17T14:52:07 IST" name="c_Test" finished-at="2024-08-17T14:52:07 IST" duration-ms="2" status="PASS">
          <reporter-output>
          </reporter-output>
        </test-method> <!-- c_Test -->
      </class> <!-- com.testNG.Java.TestFramework -->
    </test> <!-- Test -->
  </suite> <!-- Suite -->
</testng-results>
