<?xml version="1.0" encoding="UTF-8"?>
<!-- Generated by org.testng.reporters.JUnitXMLReporter -->
<testsuite ignored="0" hostname="DESKTOP-JSAE176" failures="0" tests="3" name="Default test" time="0.055" errors="0" timestamp="2024-07-27T14:23:33 IST">
  <testcase classname="com.testNG.Java.TestFramework" name="a_Test" time="0.007"/>
  <testcase classname="com.testNG.Java.TestFramework" name="b_Test" time="0.001"/>
  <testcase classname="com.testNG.Java.TestFramework" name="c_Test" time="0.002"/>
</testsuite> <!-- Default test -->
