<?xml version="1.0" encoding="UTF-8"?>
<!-- Generated by org.testng.reporters.JUnitXMLReporter -->
<testsuite ignored="0" hostname="DESKTOP-JSAE176" failures="0" tests="3" name="Test" time="0.081" errors="0" timestamp="2024-08-17T14:52:07 IST">
  <testcase classname="com.testNG.Java.TestFramework" name="a_Test" time="0.013"/>
  <testcase classname="com.testNG.Java.TestFramework" name="b_Test" time="0.001"/>
  <testcase classname="com.testNG.Java.TestFramework" name="c_Test" time="0.002"/>
</testsuite> <!-- Test -->
